0 info it worked if it ends with ok
1 verbose cli [ 'node', '/usr/local/bin/npm', 'install', 'express', '--save' ]
2 info using npm@1.4.28
3 info using node@v0.10.35
4 verbose cache add [ 'express', null ]
5 verbose cache add name=undefined spec="express" args=["express",null]
6 verbose parsed url { protocol: null,
6 verbose parsed url   slashes: null,
6 verbose parsed url   auth: null,
6 verbose parsed url   host: null,
6 verbose parsed url   port: null,
6 verbose parsed url   hostname: null,
6 verbose parsed url   hash: null,
6 verbose parsed url   search: null,
6 verbose parsed url   query: null,
6 verbose parsed url   pathname: 'express',
6 verbose parsed url   path: 'express',
6 verbose parsed url   href: 'express' }
7 silly lockFile f3c62de4-express express
8 verbose lock express /Users/cameronstroebel/.npm/f3c62de4-express.lock
9 silly lockFile f3c62de4-express express
10 silly lockFile f3c62de4-express express
11 verbose addNamed [ 'express', '' ]
12 verbose addNamed [ null, '*' ]
13 silly lockFile 64a534c1-express express@
14 verbose lock express@ /Users/cameronstroebel/.npm/64a534c1-express.lock
15 silly addNameRange { name: 'express', range: '*', hasData: false }
16 verbose request where is /express
17 verbose request registry https://registry.npmjs.org/
18 verbose request id 270ae191ef19f7c3
19 verbose url raw /express
20 verbose url resolving [ 'https://registry.npmjs.org/', './express' ]
21 verbose url resolved https://registry.npmjs.org/express
22 verbose request where is https://registry.npmjs.org/express
23 info trying registry request attempt 1 at 11:16:18
24 verbose etag "ET0NP7CT8QGG083V0IEP2QU06"
25 http GET https://registry.npmjs.org/express
26 http 200 https://registry.npmjs.org/express
27 silly registry.get cb [ 200,
27 silly registry.get   { date: 'Fri, 30 Jan 2015 09:16:20 GMT',
27 silly registry.get     server: 'CouchDB/1.5.0 (Erlang OTP/R16B03)',
27 silly registry.get     etag: '"27RM2BRLC0DD4IP7OWA2NRQ0S"',
27 silly registry.get     'content-type': 'application/json',
27 silly registry.get     'cache-control': 'max-age=60',
27 silly registry.get     'content-length': '463825',
27 silly registry.get     'accept-ranges': 'bytes',
27 silly registry.get     via: '1.1 varnish',
27 silly registry.get     age: '55',
27 silly registry.get     'x-served-by': 'cache-ams4124-AMS',
27 silly registry.get     'x-cache': 'HIT',
27 silly registry.get     'x-cache-hits': '1',
27 silly registry.get     'x-timer': 'S1422609380.313524,VS0,VE1',
27 silly registry.get     vary: 'Accept',
27 silly registry.get     'keep-alive': 'timeout=10, max=50',
27 silly registry.get     connection: 'Keep-Alive' } ]
28 silly addNameRange number 2 { name: 'express', range: '*', hasData: true }
29 silly addNameRange versions [ 'express',
29 silly addNameRange   [ '0.14.0',
29 silly addNameRange     '0.14.1',
29 silly addNameRange     '1.0.0',
29 silly addNameRange     '1.0.1',
29 silly addNameRange     '1.0.2',
29 silly addNameRange     '1.0.3',
29 silly addNameRange     '1.0.4',
29 silly addNameRange     '1.0.5',
29 silly addNameRange     '1.0.6',
29 silly addNameRange     '1.0.7',
29 silly addNameRange     '1.0.8',
29 silly addNameRange     '2.0.0',
29 silly addNameRange     '2.1.0',
29 silly addNameRange     '2.1.1',
29 silly addNameRange     '2.2.0',
29 silly addNameRange     '2.2.1',
29 silly addNameRange     '2.2.2',
29 silly addNameRange     '2.3.0',
29 silly addNameRange     '2.3.1',
29 silly addNameRange     '2.3.2',
29 silly addNameRange     '2.3.3',
29 silly addNameRange     '2.3.4',
29 silly addNameRange     '2.3.5',
29 silly addNameRange     '2.3.6',
29 silly addNameRange     '2.3.7',
29 silly addNameRange     '2.3.8',
29 silly addNameRange     '2.3.9',
29 silly addNameRange     '2.3.10',
29 silly addNameRange     '2.3.11',
29 silly addNameRange     '2.3.12',
29 silly addNameRange     '2.4.0',
29 silly addNameRange     '2.4.1',
29 silly addNameRange     '2.4.2',
29 silly addNameRange     '2.4.3',
29 silly addNameRange     '2.4.4',
29 silly addNameRange     '2.4.5',
29 silly addNameRange     '2.4.6',
29 silly addNameRange     '2.4.7',
29 silly addNameRange     '2.5.0',
29 silly addNameRange     '2.5.1',
29 silly addNameRange     '2.5.2',
29 silly addNameRange     '2.5.3',
29 silly addNameRange     '2.5.4',
29 silly addNameRange     '2.5.5',
29 silly addNameRange     '2.5.6',
29 silly addNameRange     '2.5.7',
29 silly addNameRange     '2.5.8',
29 silly addNameRange     '2.5.9',
29 silly addNameRange     '2.5.10',
29 silly addNameRange     '2.5.11',
29 silly addNameRange     '3.0.0',
29 silly addNameRange     '3.0.1',
29 silly addNameRange     '3.0.2',
29 silly addNameRange     '3.0.3',
29 silly addNameRange     '3.0.4',
29 silly addNameRange     '3.0.5',
29 silly addNameRange     '3.0.6',
29 silly addNameRange     '3.1.0',
29 silly addNameRange     '3.1.1',
29 silly addNameRange     '3.1.2',
29 silly addNameRange     '3.2.0',
29 silly addNameRange     '3.2.1',
29 silly addNameRange     '3.2.2',
29 silly addNameRange     '3.2.3',
29 silly addNameRange     '3.2.4',
29 silly addNameRange     '3.2.5',
29 silly addNameRange     '3.2.6',
29 silly addNameRange     '3.3.0',
29 silly addNameRange     '3.3.1',
29 silly addNameRange     '3.3.2',
29 silly addNameRange     '3.3.3',
29 silly addNameRange     '3.3.4',
29 silly addNameRange     '3.3.5',
29 silly addNameRange     '3.3.6',
29 silly addNameRange     '1.0.0-beta',
29 silly addNameRange     '1.0.0-beta2',
29 silly addNameRange     '1.0.0-rc',
29 silly addNameRange     '1.0.0-rc2',
29 silly addNameRange     '1.0.0-rc3',
29 silly addNameRange     '1.0.0-rc4',
29 silly addNameRange     '2.0.0-beta',
29 silly addNameRange     '2.0.0-beta2',
29 silly addNameRange     '2.0.0-beta3',
29 silly addNameRange     '2.0.0-rc',
29 silly addNameRange     '2.0.0-rc2',
29 silly addNameRange     '2.0.0-rc3',
29 silly addNameRange     '3.0.0-alpha1',
29 silly addNameRange     '3.0.0-alpha2',
29 silly addNameRange     '3.0.0-alpha3',
29 silly addNameRange     '3.0.0-alpha4',
29 silly addNameRange     '3.0.0-alpha5',
29 silly addNameRange     '3.0.0-beta1',
29 silly addNameRange     '3.0.0-beta2',
29 silly addNameRange     '3.0.0-beta3',
29 silly addNameRange     '3.0.0-beta4',
29 silly addNameRange     '3.0.0-beta6',
29 silly addNameRange     '3.0.0-beta7',
29 silly addNameRange     '3.0.0-rc1',
29 silly addNameRange     '3.0.0-rc2',
29 silly addNameRange     '3.0.0-rc3',
29 silly addNameRange     '3.0.0-rc4',
29 silly addNameRange     '3.0.0-rc5',
29 silly addNameRange     '3.3.7',
29 silly addNameRange     '3.3.8',
29 silly addNameRange     '3.4.0',
29 silly addNameRange     '3.4.1',
29 silly addNameRange     '3.4.2',
29 silly addNameRange     '3.4.3',
29 silly addNameRange     '3.4.4',
29 silly addNameRange     '3.4.5',
29 silly addNameRange     '3.4.6',
29 silly addNameRange     '3.4.7',
29 silly addNameRange     '3.4.8',
29 silly addNameRange     '4.0.0-rc1',
29 silly addNameRange     '4.0.0-rc2',
29 silly addNameRange     '3.5.0',
29 silly addNameRange     '4.0.0-rc3',
29 silly addNameRange     '4.0.0-rc4',
29 silly addNameRange     '3.5.1',
29 silly addNameRange     '4.0.0',
29 silly addNameRange     '3.5.2',
29 silly addNameRange     '4.1.0',
29 silly addNameRange     '4.1.1',
29 silly addNameRange     '3.5.3',
29 silly addNameRange     '4.1.2',
29 silly addNameRange     '3.6.0',
29 silly addNameRange     '4.2.0',
29 silly addNameRange     '3.7.0',
29 silly addNameRange     '3.8.0',
29 silly addNameRange     '4.3.0',
29 silly addNameRange     '4.3.1',
29 silly addNameRange     '3.8.1',
29 silly addNameRange     '4.3.2',
29 silly addNameRange     '3.9.0',
29 silly addNameRange     '4.4.0',
29 silly addNameRange     '4.4.1',
29 silly addNameRange     '3.10.0',
29 silly addNameRange     '3.10.1',
29 silly addNameRange     '3.10.2',
29 silly addNameRange     '3.10.3',
29 silly addNameRange     '3.10.4',
29 silly addNameRange     '4.4.2',
29 silly addNameRange     '3.10.5',
29 silly addNameRange     '4.4.3',
29 silly addNameRange     '3.11.0',
29 silly addNameRange     '4.4.4',
29 silly addNameRange     '3.12.0',
29 silly addNameRange     '3.12.1',
29 silly addNameRange     '4.4.5',
29 silly addNameRange     '3.13.0',
29 silly addNameRange     '4.5.0',
29 silly addNameRange     '4.5.1',
29 silly addNameRange     '3.14.0',
29 silly addNameRange     '4.6.0',
29 silly addNameRange     '4.6.1',
29 silly addNameRange     '3.15.0',
29 silly addNameRange     '4.7.0',
29 silly addNameRange     '3.15.1',
29 silly addNameRange     '4.7.1',
29 silly addNameRange     '3.15.2',
29 silly addNameRange     '4.7.2',
29 silly addNameRange     '4.7.3',
29 silly addNameRange     '3.15.3',
29 silly addNameRange     '4.7.4',
29 silly addNameRange     '3.16.0',
29 silly addNameRange     '4.8.0',
29 silly addNameRange     '3.16.1',
29 silly addNameRange     '4.8.1',
29 silly addNameRange     '3.16.2',
29 silly addNameRange     '4.8.2',
29 silly addNameRange     '3.16.3',
29 silly addNameRange     '3.16.4',
29 silly addNameRange     '4.8.3',
29 silly addNameRange     '3.16.5',
29 silly addNameRange     '3.16.6',
29 silly addNameRange     '4.8.4',
29 silly addNameRange     '3.16.7',
29 silly addNameRange     '4.8.5',
29 silly addNameRange     '3.16.8',
29 silly addNameRange     '4.8.6',
29 silly addNameRange     '3.16.9',
29 silly addNameRange     '4.8.7',
29 silly addNameRange     '3.16.10',
29 silly addNameRange     '4.8.8',
29 silly addNameRange     '3.17.0',
29 silly addNameRange     '3.17.1',
29 silly addNameRange     '4.9.0',
29 silly addNameRange     '3.17.2',
29 silly addNameRange     '4.9.1',
29 silly addNameRange     '4.9.2',
29 silly addNameRange     '3.17.3',
29 silly addNameRange     '4.9.3',
29 silly addNameRange     '3.17.4',
29 silly addNameRange     '4.9.4',
29 silly addNameRange     '3.17.5',
29 silly addNameRange     '4.9.5',
29 silly addNameRange     '3.17.6',
29 silly addNameRange     '3.17.7',
29 silly addNameRange     '4.9.6',
29 silly addNameRange     '4.9.7',
29 silly addNameRange     '3.17.8',
29 silly addNameRange     '4.9.8',
29 silly addNameRange     '3.18.0',
29 silly addNameRange     '3.18.1',
29 silly addNameRange     '4.10.0',
29 silly addNameRange     '3.18.2',
29 silly addNameRange     '4.10.1',
29 silly addNameRange     '5.0.0-alpha.1',
29 silly addNameRange     '3.18.3',
29 silly addNameRange     '4.10.2',
29 silly addNameRange     '3.18.4',
29 silly addNameRange     '4.10.3',
29 silly addNameRange     '4.10.4',
29 silly addNameRange     '4.10.5',
29 silly addNameRange     '3.18.5',
29 silly addNameRange     '3.18.6',
29 silly addNameRange     '4.10.6',
29 silly addNameRange     '4.10.7',
29 silly addNameRange     '3.19.0',
29 silly addNameRange     '4.10.8',
29 silly addNameRange     '4.11.0',
29 silly addNameRange     '3.19.1',
29 silly addNameRange     '4.11.1' ] ]
30 verbose addNamed [ 'express', '4.11.1' ]
31 verbose addNamed [ '4.11.1', '4.11.1' ]
32 silly lockFile 08bdadd9-express-4-11-1 express@4.11.1
33 verbose lock express@4.11.1 /Users/cameronstroebel/.npm/08bdadd9-express-4-11-1.lock
34 silly lockFile e7152fb6-s-org-express-express-4-11-1-tgz https://registry.npmjs.org/express/-/express-4.11.1.tgz
35 verbose lock https://registry.npmjs.org/express/-/express-4.11.1.tgz /Users/cameronstroebel/.npm/e7152fb6-s-org-express-express-4-11-1-tgz.lock
36 verbose addRemoteTarball [ 'https://registry.npmjs.org/express/-/express-4.11.1.tgz',
36 verbose addRemoteTarball   '36d04dd27aa1667634e987529767f9c99de7903f' ]
37 info retry fetch attempt 1 at 11:16:23
38 verbose fetch to= /var/folders/90/ynn__3d548g29n0l0d_ydmb40000gn/T/npm-20811-oImQKzyH/registry.npmjs.org/express/-/express-4.11.1.tgz
39 http GET https://registry.npmjs.org/express/-/express-4.11.1.tgz
40 http 200 https://registry.npmjs.org/express/-/express-4.11.1.tgz
41 silly lockFile e7152fb6-s-org-express-express-4-11-1-tgz https://registry.npmjs.org/express/-/express-4.11.1.tgz
42 silly lockFile e7152fb6-s-org-express-express-4-11-1-tgz https://registry.npmjs.org/express/-/express-4.11.1.tgz
43 silly lockFile 08bdadd9-express-4-11-1 express@4.11.1
44 silly lockFile 08bdadd9-express-4-11-1 express@4.11.1
45 silly lockFile 64a534c1-express express@
46 silly lockFile 64a534c1-express express@
47 error Error: EACCES, mkdir '/Users/cameronstroebel/.npm/express/4.11.1'
47 error  { [Error: EACCES, mkdir '/Users/cameronstroebel/.npm/express/4.11.1']
47 error   errno: 3,
47 error   code: 'EACCES',
47 error   path: '/Users/cameronstroebel/.npm/express/4.11.1' }
48 error Please try running this command again as root/Administrator.
49 error System Darwin 11.4.2
50 error command "node" "/usr/local/bin/npm" "install" "express" "--save"
51 error cwd /Users/cameronstroebel/Documents/Coding/RethinkProjects/DoorLockServer
52 error node -v v0.10.35
53 error npm -v 1.4.28
54 error path /Users/cameronstroebel/.npm/express/4.11.1
55 error code EACCES
56 error errno 3
57 error stack Error: EACCES, mkdir '/Users/cameronstroebel/.npm/express/4.11.1'
58 verbose exit [ 3, true ]
